
# Number and label of axioms in proposed order for N=6

FINAL ORDER
0, // 01()
16, // 02()
48, // 03()
96, // 04()
160, // 05()
32, // 12()
64, // 13()
112, // 14()
176, // 15()
80, // 23()
128, // 24()
192, // 25()
144, // 34()
208, // 35()
15, // 01(2,3,4,5)
31, // 02(1,3,4,5)
63, // 03(1,2,4,5)
111, // 04(1,2,3,5)
175, // 05(1,2,3,4)
47, // 12(0,3,4,5)
79, // 13(0,2,4,5)
127, // 14(0,2,3,5)
191, // 15(0,2,3,4)
95, // 23(0,1,4,5)
143, // 24(0,1,3,5)
207, // 25(0,1,3,4)
159, // 34(0,1,2,5)
223, // 35(0,1,2,4)
1, // 01(2)
2, // 01(3)
4, // 01(4)
8, // 01(5)
17, // 02(1)
18, // 02(3)
20, // 02(4)
24, // 02(5)
49, // 03(1)
50, // 03(2)
52, // 03(4)
56, // 03(5)
97, // 04(1)
98, // 04(2)
100, // 04(3)
104, // 04(5)
161, // 05(1)
162, // 05(2)
164, // 05(3)
168, // 05(4)
33, // 12(0)
34, // 12(3)
36, // 12(4)
40, // 12(5)
65, // 13(0)
66, // 13(2)
68, // 13(4)
72, // 13(5)
113, // 14(0)
114, // 14(2)
116, // 14(3)
120, // 14(5)
177, // 15(0)
178, // 15(2)
180, // 15(3)
184, // 15(4)
81, // 23(0)
82, // 23(1)
84, // 23(4)
88, // 23(5)
129, // 24(0)
130, // 24(1)
132, // 24(3)
136, // 24(5)
193, // 25(0)
194, // 25(1)
196, // 25(3)
200, // 25(4)
145, // 34(0)
146, // 34(1)
148, // 34(2)
209, // 35(0)
210, // 35(1)
212, // 35(2)
7, // 01(2,3,4)
11, // 01(2,3,5)
13, // 01(2,4,5)
14, // 01(3,4,5)
23, // 02(1,3,4)
27, // 02(1,3,5)
29, // 02(1,4,5)
30, // 02(3,4,5)
55, // 03(1,2,4)
59, // 03(1,2,5)
61, // 03(1,4,5)
62, // 03(2,4,5)
103, // 04(1,2,3)
107, // 04(1,2,5)
109, // 04(1,3,5)
110, // 04(2,3,5)
167, // 05(1,2,3)
171, // 05(1,2,4)
173, // 05(1,3,4)
174, // 05(2,3,4)
39, // 12(0,3,4)
43, // 12(0,3,5)
45, // 12(0,4,5)
46, // 12(3,4,5)
71, // 13(0,2,4)
75, // 13(0,2,5)
77, // 13(0,4,5)
78, // 13(2,4,5)
119, // 14(0,2,3)
123, // 14(0,2,5)
125, // 14(0,3,5)
126, // 14(2,3,5)
183, // 15(0,2,3)
187, // 15(0,2,4)
189, // 15(0,3,4)
190, // 15(2,3,4)
87, // 23(0,1,4)
91, // 23(0,1,5)
93, // 23(0,4,5)
94, // 23(1,4,5)
135, // 24(0,1,3)
139, // 24(0,1,5)
141, // 24(0,3,5)
142, // 24(1,3,5)
199, // 25(0,1,3)
203, // 25(0,1,4)
205, // 25(0,3,4)
206, // 25(1,3,4)
155, // 34(0,1,5)
157, // 34(0,2,5)
158, // 34(1,2,5)
219, // 35(0,1,4)
221, // 35(0,2,4)
222, // 35(1,2,4)
3, // 01(2,3)
5, // 01(2,4)
6, // 01(3,4)
9, // 01(2,5)
10, // 01(3,5)
19, // 02(1,3)
21, // 02(1,4)
22, // 02(3,4)
25, // 02(1,5)
26, // 02(3,5)
51, // 03(1,2)
53, // 03(1,4)
54, // 03(2,4)
57, // 03(1,5)
58, // 03(2,5)
99, // 04(1,2)
101, // 04(1,3)
102, // 04(2,3)
105, // 04(1,5)
106, // 04(2,5)
163, // 05(1,2)
165, // 05(1,3)
166, // 05(2,3)
169, // 05(1,4)
170, // 05(2,4)
35, // 12(0,3)
37, // 12(0,4)
38, // 12(3,4)
42, // 12(3,5)
67, // 13(0,2)
69, // 13(0,4)
70, // 13(2,4)
74, // 13(2,5)
115, // 14(0,2)
117, // 14(0,3)
118, // 14(2,3)
122, // 14(2,5)
179, // 15(0,2)
181, // 15(0,3)
182, // 15(2,3)
186, // 15(2,4)
85, // 23(0,4)
86, // 23(1,4)
133, // 24(0,3)
134, // 24(1,3)
197, // 25(0,3)
198, // 25(1,3)
RUN: make slicer_run_6_run_test
